[debug] [2023-11-05T18:25:11.562Z] ----------------------------------------------------------------------
[debug] [2023-11-05T18:25:11.564Z] Command:       C:\Program Files\nodejs\node.exe C:\Users\user\AppData\Roaming\npm\node_modules\firebase-tools\lib\bin\firebase.js init
[debug] [2023-11-05T18:25:11.564Z] CLI Version:   12.8.0
[debug] [2023-11-05T18:25:11.565Z] Platform:      win32
[debug] [2023-11-05T18:25:11.565Z] Node Version:  v18.14.2
[debug] [2023-11-05T18:25:11.566Z] Time:          Sun Nov 05 2023 22:25:11 GMT+0400 (Georgia Standard Time)
[debug] [2023-11-05T18:25:11.567Z] ----------------------------------------------------------------------
[debug] 
[debug] [2023-11-05T18:25:11.569Z] >>> [apiv2][query] GET https://firebase-public.firebaseio.com/cli.json [none]
[debug] [2023-11-05T18:25:11.600Z] > command requires scopes: ["email","openid","https://www.googleapis.com/auth/cloudplatformprojects.readonly","https://www.googleapis.com/auth/firebase","https://www.googleapis.com/auth/cloud-platform"]
[debug] [2023-11-05T18:25:11.601Z] > authorizing via signed-in user (mindiashvilife@gmail.com)
[info] 
     ######## #### ########  ######## ########     ###     ######  ########
     ##        ##  ##     ## ##       ##     ##  ##   ##  ##       ##
     ######    ##  ########  ######   ########  #########  ######  ######
     ##        ##  ##    ##  ##       ##     ## ##     ##       ## ##
     ##       #### ##     ## ######## ########  ##     ##  ######  ########

You're about to initialize a Firebase project in this directory:

  C:\Users\user\Desktop\gm-railway

[debug] [2023-11-05T18:25:12.252Z] <<< [apiv2][status] GET https://firebase-public.firebaseio.com/cli.json 200
[debug] [2023-11-05T18:25:12.252Z] <<< [apiv2][body] GET https://firebase-public.firebaseio.com/cli.json {"cloudBuildErrorAfter":1594252800000,"cloudBuildWarnAfter":1590019200000,"defaultNode10After":1594252800000,"minVersion":"3.0.5","node8DeploysDisabledAfter":1613390400000,"node8RuntimeDisabledAfter":1615809600000,"node8WarnAfter":1600128000000}
